<?xml version="1.0" encoding="UTF-8"?>
<!-- Generated by org.testng.reporters.JUnitReportReporter -->
<testsuite skipped="0" hostname="DESKTOP-JCJ8HOK" name="excelOperation.DataManagementwithHashTable" tests="3" failures="0" timestamp="27 Apr 2023 01:31:07 GMT" time="0.042" errors="0">
  <testcase name="f" time="0.027" classname="excelOperation.DataManagementwithHashTable"/>
  <testcase name="f" time="0.009" classname="excelOperation.DataManagementwithHashTable"/>
  <testcase name="f" time="0.006" classname="excelOperation.DataManagementwithHashTable"/>
</testsuite> <!-- excelOperation.DataManagementwithHashTable -->
