<?xml version="1.0" encoding="UTF-8"?>
<!-- Generated by org.testng.reporters.JUnitReportReporter -->
<testsuite skipped="0" hostname="DESKTOP-JCJ8HOK" name="testng.TestNG_001" tests="1" failures="0" timestamp="12 Apr 2023 01:23:29 GMT" time="0.188" errors="0">
  <testcase name="f" time="0.188" classname="testng.TestNG_001"/>
</testsuite> <!-- testng.TestNG_001 -->
