<?xml version="1.0" encoding="UTF-8"?>
<!-- Generated by org.testng.reporters.JUnitReportReporter -->
<testsuite skipped="1" hostname="DESKTOP-JCJ8HOK" name="testng.TestNG_002" tests="3" failures="0" timestamp="12 Apr 2023 01:23:29 GMT" time="0.077" errors="0">
  <testcase name="f" time="0.011" classname="testng.TestNG_002"/>
  <testcase name="z" time="0.066" classname="testng.TestNG_002"/>
  <testcase name="a" classname="testng.TestNG_002">
    <skipped/>
  </testcase> <!-- a -->
</testsuite> <!-- testng.TestNG_002 -->
