<?xml version="1.0" encoding="UTF-8"?>
<!-- Generated by org.testng.reporters.JUnitReportReporter -->
<testsuite skipped="0" hostname="DESKTOP-JCJ8HOK" name="suiteA.TestA2" tests="1" failures="0" timestamp="14 Apr 2023 01:02:51 GMT" time="2.004" errors="0">
  <testcase name="testA2" time="2.004" classname="suiteA.TestA2"/>
</testsuite> <!-- suiteA.TestA2 -->
