<?xml version="1.0" encoding="UTF-8"?>
<!-- Generated by org.testng.reporters.JUnitReportReporter -->
<testsuite skipped="0" hostname="DESKTOP-JCJ8HOK" name="excelOperation.DataManagementwithDataProvider" tests="3" failures="0" timestamp="27 Apr 2023 01:12:51 GMT" time="0.024" errors="0">
  <testcase name="f" time="0.003" classname="excelOperation.DataManagementwithDataProvider"/>
  <testcase name="f" time="0.006" classname="excelOperation.DataManagementwithDataProvider"/>
  <testcase name="f" time="0.015" classname="excelOperation.DataManagementwithDataProvider"/>
</testsuite> <!-- excelOperation.DataManagementwithDataProvider -->
