<?xml version="1.0" encoding="UTF-8"?>
<!-- Generated by org.testng.reporters.JUnitReportReporter -->
<testsuite skipped="0" hostname="DESKTOP-JCJ8HOK" name="testng.LinksTesting1" tests="1" failures="0" timestamp="18 Apr 2023 00:57:07 GMT" time="7.954" errors="0">
  <testcase name="linktesting1" time="7.954" classname="testng.LinksTesting1"/>
</testsuite> <!-- testng.LinksTesting1 -->
