<?xml version="1.0" encoding="UTF-8"?>
<!-- Generated by org.testng.reporters.JUnitReportReporter -->
<testsuite skipped="1" hostname="DESKTOP-JCJ8HOK" name="excelOperation.FaceBookFinalProgram" tests="2" failures="0" timestamp="28 Apr 2023 01:09:46 GMT" time="14.248" errors="0">
  <testcase name="facebook" time="4.320" classname="excelOperation.FaceBookFinalProgram">
    <skipped/>
  </testcase> <!-- facebook -->
  <testcase name="facebook" time="9.928" classname="excelOperation.FaceBookFinalProgram"/>
</testsuite> <!-- excelOperation.FaceBookFinalProgram -->
