<?xml version="1.0" encoding="UTF-8"?>
<!-- Generated by org.testng.reporters.JUnitReportReporter -->
<testsuite skipped="2" hostname="DESKTOP-JCJ8HOK" name="testng.TestDependency" tests="4" failures="0" timestamp="18 Apr 2023 01:21:59 GMT" time="0.038" errors="0">
  <testcase name="orange" time="0.026" classname="testng.TestDependency"/>
  <testcase name="white" time="0.008" classname="testng.TestDependency"/>
  <testcase name="blue" time="0.004" classname="testng.TestDependency">
    <skipped/>
  </testcase> <!-- blue -->
  <testcase name="green" time="0.000" classname="testng.TestDependency">
    <skipped/>
  </testcase> <!-- green -->
</testsuite> <!-- testng.TestDependency -->
