<?xml version="1.0" encoding="UTF-8"?>
<!-- Generated by org.testng.reporters.JUnitReportReporter -->
<testsuite hostname="DESKTOP-JM32H9D" failures="0" tests="1" name="testng.TestNG_003" time="10.864" errors="0" timestamp="15 Jun 2023 01:02:26 GMT" skipped="0">
  <testcase classname="testng.TestNG_003" name="amazonText" time="10.864"/>
</testsuite> <!-- testng.TestNG_003 -->
