<?xml version="1.0" encoding="UTF-8"?>
<!-- Generated by org.testng.reporters.JUnitReportReporter -->
<testsuite skipped="1" hostname="DESKTOP-JCJ8HOK" name="excelOperation.DataManagementFinalVersion" tests="2" failures="0" timestamp="28 Apr 2023 00:55:32 GMT" time="0.050" errors="0">
  <testcase name="f" time="0.007" classname="excelOperation.DataManagementFinalVersion">
    <skipped/>
  </testcase> <!-- f -->
  <testcase name="f" time="0.043" classname="excelOperation.DataManagementFinalVersion"/>
</testsuite> <!-- excelOperation.DataManagementFinalVersion -->
