<?xml version="1.0" encoding="UTF-8"?>
<!-- Generated by org.testng.reporters.JUnitReportReporter -->
<testsuite skipped="0" hostname="DESKTOP-JCJ8HOK" name="testng.RadioButton1" tests="1" failures="0" timestamp="18 Apr 2023 00:57:08 GMT" time="14.663" errors="0">
  <testcase name="radioButtonTest" time="14.663" classname="testng.RadioButton1"/>
</testsuite> <!-- testng.RadioButton1 -->
