<?xml version="1.0" encoding="UTF-8"?>
<!-- Generated by org.testng.reporters.JUnitReportReporter -->
<testsuite skipped="0" hostname="DESKTOP-JCJ8HOK" name="suiteB.TestB3" tests="1" failures="0" timestamp="14 Apr 2023 01:02:51 GMT" time="2.001" errors="0">
  <testcase name="testB3" time="2.001" classname="suiteB.TestB3"/>
</testsuite> <!-- suiteB.TestB3 -->
