<?xml version="1.0" encoding="UTF-8"?>
<!-- Generated by org.testng.reporters.JUnitReportReporter -->
<testsuite skipped="0" hostname="DESKTOP-JCJ8HOK" name="testng.TestMethodsParallel" tests="7" failures="0" timestamp="14 Apr 2023 01:14:37 GMT" time="0.174" errors="0">
  <testcase name="test4" time="0.015" classname="testng.TestMethodsParallel"/>
  <testcase name="test3" time="0.042" classname="testng.TestMethodsParallel"/>
  <testcase name="test6" time="0.019" classname="testng.TestMethodsParallel"/>
  <testcase name="test1" time="0.040" classname="testng.TestMethodsParallel"/>
  <testcase name="test7" time="0.018" classname="testng.TestMethodsParallel"/>
  <testcase name="test5" time="0.005" classname="testng.TestMethodsParallel"/>
  <testcase name="test2" time="0.035" classname="testng.TestMethodsParallel"/>
</testsuite> <!-- testng.TestMethodsParallel -->
